<?xml version="1.0" encoding="utf-8"?><testsuites><testsuite name="pytest" errors="0" failures="0" skipped="4" tests="58" time="0.860" timestamp="2022-09-14T10:04:20.992916" hostname="BR360002MBP16IN4.local"><testcase classname="" name="tests.test_async_app" time="0.000"><skipped message="collection skipped">('/Users/nycholas/Temporary/.p/flask-jsonrpc/tests/test_async_app.py', 40, "Skipped: could not import 'asgiref': No module named 'asgiref'")</skipped><skipped message="collection skipped">('/Users/nycholas/Temporary/.p/flask-jsonrpc/tests/test_async_app.py', 40, "Skipped: could not import 'asgiref': No module named 'asgiref'")</skipped></testcase><testcase classname="" name="tests.test_async_client" time="0.000"><skipped message="collection skipped">('/Users/nycholas/Temporary/.p/flask-jsonrpc/tests/test_async_client.py', 32, "Skipped: could not import 'asgiref': No module named 'asgiref'")</skipped><skipped message="collection skipped">('/Users/nycholas/Temporary/.p/flask-jsonrpc/tests/test_async_client.py', 32, "Skipped: could not import 'asgiref': No module named 'asgiref'")</skipped></testcase><testcase classname="tests.test_app" name="test_app_create" time="0.028" /><testcase classname="tests.test_app" name="test_app_create_without_register_app" time="0.010" /><testcase classname="tests.test_app" name="test_app_create_with_method_without_annotation" time="0.009" /><testcase classname="tests.test_app" name="test_app_create_with_method_without_annotation_on_params" time="0.009" /><testcase classname="tests.test_app" name="test_app_create_with_method_without_annotation_on_return" time="0.013" /><testcase classname="tests.test_app" name="test_app_create_with_wrong_return" time="0.012" /><testcase classname="tests.test_app" name="test_app_create_with_invalid_view_func" time="0.011" /><testcase classname="tests.test_app" name="test_app_create_multiple_jsonrpc_versions" time="0.021" /><testcase classname="tests.test_app" name="test_app_create_modular_apps" time="0.014" /><testcase classname="tests.test_app" name="test_app_create_with_rcp_batch" time="0.023" /><testcase classname="tests.test_client" name="test_app_greeting" time="0.015" /><testcase classname="tests.test_client" name="test_app_greeting_with_different_content_types" time="0.004" /><testcase classname="tests.test_client" name="test_app_greeting_raise_parse_error" time="0.010" /><testcase classname="tests.test_client" name="test_app_greeting_raise_invalid_request_error" time="0.003" /><testcase classname="tests.test_client" name="test_app_greeting_raise_invalid_params_error" time="0.006" /><testcase classname="tests.test_client" name="test_app_greeting_raise_method_not_found_error" time="0.002" /><testcase classname="tests.test_client" name="test_app_echo" time="0.003" /><testcase classname="tests.test_client" name="test_app_echo_raise_invalid_params_error" time="0.010" /><testcase classname="tests.test_client" name="test_app_notify" time="0.003" /><testcase classname="tests.test_client" name="test_app_fails" time="0.004" /><testcase classname="tests.test_client" name="test_app_strange_echo" time="0.003" /><testcase classname="tests.test_client" name="test_app_sum" time="0.004" /><testcase classname="tests.test_client" name="test_app_decorators" time="0.003" /><testcase classname="tests.test_client" name="test_app_return_status_code" time="0.002" /><testcase classname="tests.test_client" name="test_app_return_headers" time="0.002" /><testcase classname="tests.test_client" name="test_app_return_status_code_and_headers" time="0.002" /><testcase classname="tests.test_client" name="test_app_with_rcp_batch" time="0.006" /><testcase classname="tests.test_client" name="test_app_class" time="0.009" /><testcase classname="tests.test_client" name="test_app_system_describe" time="0.004" /><testcase classname="tests.test_exceptions" name="test_jsonrpc_error" time="0.001" /><testcase classname="tests.test_exceptions" name="test_jsonrpc_error_with_default_params" time="0.001" /><testcase classname="tests.test_exceptions" name="test_parser_error" time="0.001" /><testcase classname="tests.test_exceptions" name="test_invalid_request_error" time="0.001" /><testcase classname="tests.test_exceptions" name="test_method_not_found_error" time="0.001" /><testcase classname="tests.test_exceptions" name="test_invalid_params_error" time="0.001" /><testcase classname="tests.test_exceptions" name="test_internal_error" time="0.001" /><testcase classname="tests.test_exceptions" name="test_server_error" time="0.001" /><testcase classname="tests.test_helpers" name="test_urn" time="0.002" /><testcase classname="tests.test_helpers" name="test_from_python_type" time="0.002" /><testcase classname="tests.test_types" name="test_types" time="0.001" /><testcase classname="tests.test_types" name="test_types_others" time="0.001" /><testcase classname="tests.test_types" name="test_types_complex" time="0.001" /><testcase classname="tests.test_types" name="test_types_from_fn" time="0.001" /><testcase classname="tests.test_types" name="test_generic_type_alias" time="0.001" /><testcase classname="tests.test_types" name="test_union_type_expression" time="0.001" /><testcase classname="tests.test_types" name="test_none_type" time="0.001" /><testcase classname="tests.test_types" name="test_new_type" time="0.001" /><testcase classname="tests.contrib.test_browse" name="test_browse_create" time="0.063" /><testcase classname="tests.contrib.test_browse" name="test_browse_create_without_register_app" time="0.041" /><testcase classname="tests.contrib.test_browse" name="test_browse_create_multiple_jsonrpc_versions" time="0.049" /><testcase classname="tests.contrib.test_browse" name="test_browse_create_modular_apps" time="0.052" /><testcase classname="src.flask_jsonrpc.helpers" name="flask_jsonrpc.helpers.from_python_type" time="0.004" /><testcase classname="src.flask_jsonrpc.helpers" name="flask_jsonrpc.helpers.get" time="0.002" /><testcase classname="src.flask_jsonrpc.helpers" name="flask_jsonrpc.helpers.urn" time="0.005" /></testsuite></testsuites>